2023-03-09 14:54:55,459 [DEBUG] Starting new HTTPS connection (1): swapi.dev:443
2023-03-09 14:54:56,029 [DEBUG] https://swapi.dev:443 "GET /api/people// HTTP/1.1" 200 None
2023-03-09 15:11:42,763 [DEBUG] Starting new HTTPS connection (1): swapi.dev:443
2023-03-09 15:11:44,174 [DEBUG] https://swapi.dev:443 "GET /api/people// HTTP/1.1" 200 None
2023-03-09 15:11:44,178 [DEBUG] Starting new HTTPS connection (1): swapi.dev:443
2023-03-09 15:11:44,905 [DEBUG] https://swapi.dev:443 "GET /api/planets// HTTP/1.1" 200 None
2023-03-09 15:12:13,493 [DEBUG] Starting new HTTPS connection (1): swapi.dev:443
2023-03-09 15:12:14,315 [DEBUG] https://swapi.dev:443 "GET /api/people// HTTP/1.1" 200 None
2023-03-09 15:12:14,318 [DEBUG] Starting new HTTPS connection (1): swapi.dev:443
2023-03-09 15:12:16,183 [DEBUG] https://swapi.dev:443 "GET /api/films// HTTP/1.1" 200 None
2023-03-09 15:24:15,145 [DEBUG] Starting new HTTPS connection (1): swapi.dev:443
2023-03-09 15:24:20,718 [DEBUG] https://swapi.dev:443 "GET /api/people// HTTP/1.1" 200 None
2023-03-09 15:24:20,721 [DEBUG] Starting new HTTPS connection (1): swapi.dev:443
2023-03-09 15:24:33,933 [DEBUG] https://swapi.dev:443 "GET /api/films// HTTP/1.1" 200 None
2023-03-09 15:25:17,006 [DEBUG] Starting new HTTPS connection (1): swapi.dev:443
2023-03-09 15:25:21,922 [DEBUG] https://swapi.dev:443 "GET /api/people// HTTP/1.1" 200 None
2023-03-09 15:25:21,926 [DEBUG] Starting new HTTPS connection (1): swapi.dev:443
2023-03-09 15:25:35,522 [DEBUG] https://swapi.dev:443 "GET /api/films// HTTP/1.1" 200 None
2023-03-09 15:32:43,641 [DEBUG] Starting new HTTPS connection (1): swapi.dev:443
2023-03-09 15:32:47,327 [DEBUG] https://swapi.dev:443 "GET /api/people// HTTP/1.1" 200 None
2023-03-09 15:32:47,331 [DEBUG] Starting new HTTPS connection (1): swapi.dev:443
2023-03-09 15:32:55,094 [DEBUG] https://swapi.dev:443 "GET /api/films// HTTP/1.1" 200 None
2023-03-09 15:33:49,182 [DEBUG] Starting new HTTPS connection (1): swapi.dev:443
2023-03-09 15:33:52,889 [DEBUG] https://swapi.dev:443 "GET /api/people// HTTP/1.1" 200 None
2023-03-09 15:33:52,894 [DEBUG] Starting new HTTPS connection (1): swapi.dev:443
2023-03-09 15:34:00,645 [DEBUG] https://swapi.dev:443 "GET /api/films// HTTP/1.1" 200 None
2023-03-09 15:34:29,014 [DEBUG] Starting new HTTPS connection (1): swapi.dev:443
2023-03-09 15:34:34,628 [DEBUG] https://swapi.dev:443 "GET /api/people// HTTP/1.1" 200 None
2023-03-09 15:34:34,633 [DEBUG] Starting new HTTPS connection (1): swapi.dev:443
2023-03-09 15:34:43,612 [DEBUG] https://swapi.dev:443 "GET /api/films// HTTP/1.1" 200 None
2023-03-09 15:38:25,179 [DEBUG] Starting new HTTPS connection (1): swapi.dev:443
2023-03-09 15:38:31,179 [DEBUG] https://swapi.dev:443 "GET /api/people// HTTP/1.1" 200 None
2023-03-09 15:38:31,184 [DEBUG] Starting new HTTPS connection (1): swapi.dev:443
2023-03-09 15:38:40,782 [DEBUG] https://swapi.dev:443 "GET /api/films// HTTP/1.1" 200 None
2023-03-09 15:57:38,466 [DEBUG] Starting new HTTPS connection (1): swapi.dev:443
2023-03-09 15:57:49,528 [DEBUG] https://swapi.dev:443 "GET /api/people// HTTP/1.1" 200 None
2023-03-09 15:57:49,532 [DEBUG] Starting new HTTPS connection (1): swapi.dev:443
2023-03-09 15:58:22,796 [DEBUG] https://swapi.dev:443 "GET /api/films// HTTP/1.1" 200 None
2023-03-09 16:01:26,793 [DEBUG] Starting new HTTPS connection (1): swapi.dev:443
2023-03-09 16:01:27,587 [DEBUG] https://swapi.dev:443 "GET /api/people// HTTP/1.1" 200 None
2023-03-09 16:01:27,591 [DEBUG] Starting new HTTPS connection (1): swapi.dev:443
2023-03-09 16:01:29,739 [DEBUG] https://swapi.dev:443 "GET /api/films// HTTP/1.1" 200 None
2023-03-09 16:03:08,637 [DEBUG] Starting new HTTPS connection (1): swapi.dev:443
2023-03-09 16:03:09,227 [DEBUG] https://swapi.dev:443 "GET /api/people// HTTP/1.1" 200 None
2023-03-09 16:03:09,231 [DEBUG] Starting new HTTPS connection (1): swapi.dev:443
2023-03-09 16:03:10,300 [DEBUG] https://swapi.dev:443 "GET /api/films// HTTP/1.1" 200 None
2023-03-09 16:05:11,286 [DEBUG] Starting new HTTPS connection (1): swapi.dev:443
2023-03-09 16:05:11,748 [DEBUG] https://swapi.dev:443 "GET /api/people// HTTP/1.1" 200 None
2023-03-09 16:05:11,753 [DEBUG] Starting new HTTPS connection (1): swapi.dev:443
2023-03-09 16:05:12,855 [DEBUG] https://swapi.dev:443 "GET /api/films// HTTP/1.1" 200 None
2023-03-09 16:05:47,425 [DEBUG] Starting new HTTPS connection (1): swapi.dev:443
2023-03-09 16:05:47,927 [DEBUG] https://swapi.dev:443 "GET /api/people// HTTP/1.1" 200 None
2023-03-09 16:05:47,931 [DEBUG] Starting new HTTPS connection (1): swapi.dev:443
2023-03-09 16:05:48,995 [DEBUG] https://swapi.dev:443 "GET /api/films// HTTP/1.1" 200 None
2023-03-09 17:29:42,531 [DEBUG] Starting new HTTPS connection (1): swapi.dev:443
2023-03-09 17:29:50,125 [DEBUG] https://swapi.dev:443 "GET /api/people// HTTP/1.1" 200 None
2023-03-09 17:29:50,130 [DEBUG] Starting new HTTPS connection (1): swapi.dev:443
2023-03-09 17:30:22,804 [DEBUG] https://swapi.dev:443 "GET /api/films// HTTP/1.1" 200 None
2023-03-09 17:36:41,405 [DEBUG] Starting new HTTPS connection (1): swapi.dev:443
2023-03-09 17:36:50,989 [DEBUG] https://swapi.dev:443 "GET /api/people// HTTP/1.1" 200 None
2023-03-09 17:36:50,993 [DEBUG] Starting new HTTPS connection (1): swapi.dev:443
2023-03-09 17:37:15,925 [DEBUG] https://swapi.dev:443 "GET /api/films// HTTP/1.1" 200 None
2023-03-09 17:40:04,948 [DEBUG] Starting new HTTPS connection (1): swapi.dev:443
2023-03-09 17:40:16,551 [DEBUG] https://swapi.dev:443 "GET /api/people// HTTP/1.1" 200 None
2023-03-09 17:40:16,555 [DEBUG] Starting new HTTPS connection (1): swapi.dev:443
2023-03-09 17:41:32,132 [DEBUG] https://swapi.dev:443 "GET /api/films// HTTP/1.1" 404 153
2023-03-09 17:46:30,364 [DEBUG] Starting new HTTPS connection (1): swapi.dev:443
2023-03-09 17:46:39,532 [DEBUG] https://swapi.dev:443 "GET /api/people// HTTP/1.1" 200 None
2023-03-09 17:46:39,535 [DEBUG] Starting new HTTPS connection (1): swapi.dev:443
2023-03-09 17:47:29,645 [DEBUG] Starting new HTTPS connection (1): swapi.dev:443
2023-03-09 17:47:43,744 [DEBUG] https://swapi.dev:443 "GET /api/people// HTTP/1.1" 200 None
2023-03-09 17:47:43,749 [DEBUG] Starting new HTTPS connection (1): swapi.dev:443
2023-03-09 17:48:26,755 [DEBUG] https://swapi.dev:443 "GET /api/films// HTTP/1.1" 200 None
2023-03-09 17:48:38,556 [DEBUG] Starting new HTTPS connection (1): swapi.dev:443
2023-03-09 17:49:02,248 [DEBUG] https://swapi.dev:443 "GET /api/people// HTTP/1.1" 200 None
2023-03-09 17:49:02,252 [DEBUG] Starting new HTTPS connection (1): swapi.dev:443
2023-03-09 17:49:25,503 [DEBUG] https://swapi.dev:443 "GET /api/films// HTTP/1.1" 200 None
2023-03-09 17:56:54,834 [DEBUG] Starting new HTTPS connection (1): swapi.dev:443
2023-03-09 17:56:55,542 [DEBUG] https://swapi.dev:443 "GET /api/people// HTTP/1.1" 200 None
2023-03-09 17:56:55,546 [DEBUG] Starting new HTTPS connection (1): swapi.dev:443
2023-03-09 17:56:56,918 [DEBUG] https://swapi.dev:443 "GET /api/films// HTTP/1.1" 200 None
2023-03-09 17:57:06,732 [DEBUG] Starting new HTTPS connection (1): swapi.dev:443
2023-03-09 17:57:07,466 [DEBUG] https://swapi.dev:443 "GET /api/people// HTTP/1.1" 200 None
2023-03-09 17:57:07,470 [DEBUG] Starting new HTTPS connection (1): swapi.dev:443
2023-03-09 17:57:08,449 [DEBUG] https://swapi.dev:443 "GET /api/films// HTTP/1.1" 200 None
2023-03-09 17:58:15,759 [DEBUG] Starting new HTTPS connection (1): swapi.dev:443
2023-03-09 17:58:19,173 [DEBUG] https://swapi.dev:443 "GET /api/people// HTTP/1.1" 200 None
2023-03-09 17:58:19,177 [DEBUG] Starting new HTTPS connection (1): swapi.dev:443
2023-03-09 17:58:21,325 [DEBUG] https://swapi.dev:443 "GET /api/films// HTTP/1.1" 200 None
2023-03-09 18:05:46,468 [DEBUG] Starting new HTTPS connection (1): swapi.dev:443
2023-03-09 18:05:46,943 [DEBUG] https://swapi.dev:443 "GET /api/people// HTTP/1.1" 200 None
2023-03-09 18:05:46,948 [DEBUG] Starting new HTTPS connection (1): swapi.dev:443
2023-03-09 18:05:47,507 [DEBUG] https://swapi.dev:443 "GET /api/films// HTTP/1.1" 200 None
